<?xml version="1.0" encoding="UTF-8"?>
<testsuite xmlns:xsi="http://www.w3.org/2001/XMLSchema-instance" xsi:noNamespaceSchemaLocation="https://maven.apache.org/surefire/maven-surefire-plugin/xsd/surefire-test-report-3.0.xsd" version="3.0" name="com.example.RunCucumberTest" time="3.822" tests="1" errors="0" skipped="0" failures="0">
  <properties>
    <property name="java.specification.version" value="17"/>
    <property name="sun.cpu.isalist" value="amd64"/>
    <property name="sun.jnu.encoding" value="Cp1252"/>
    <property name="java.class.path" value="C:\repository\calculator-tester\target\test-classes;C:\repository\calculator-tester\target\classes;C:\Users\RPATINO\.m2\repository\org\springframework\boot\spring-boot-starter\2.6.6\spring-boot-starter-2.6.6.jar;C:\Users\RPATINO\.m2\repository\org\springframework\boot\spring-boot\2.6.6\spring-boot-2.6.6.jar;C:\Users\RPATINO\.m2\repository\org\springframework\spring-context\5.3.18\spring-context-5.3.18.jar;C:\Users\RPATINO\.m2\repository\org\springframework\spring-aop\5.3.18\spring-aop-5.3.18.jar;C:\Users\RPATINO\.m2\repository\org\springframework\spring-expression\5.3.18\spring-expression-5.3.18.jar;C:\Users\RPATINO\.m2\repository\org\springframework\boot\spring-boot-autoconfigure\2.6.6\spring-boot-autoconfigure-2.6.6.jar;C:\Users\RPATINO\.m2\repository\org\springframework\boot\spring-boot-starter-logging\2.6.6\spring-boot-starter-logging-2.6.6.jar;C:\Users\RPATINO\.m2\repository\ch\qos\logback\logback-classic\1.2.11\logback-classic-1.2.11.jar;C:\Users\RPATINO\.m2\repository\ch\qos\logback\logback-core\1.2.11\logback-core-1.2.11.jar;C:\Users\RPATINO\.m2\repository\org\apache\logging\log4j\log4j-to-slf4j\2.17.2\log4j-to-slf4j-2.17.2.jar;C:\Users\RPATINO\.m2\repository\org\apache\logging\log4j\log4j-api\2.17.2\log4j-api-2.17.2.jar;C:\Users\RPATINO\.m2\repository\org\slf4j\jul-to-slf4j\1.7.36\jul-to-slf4j-1.7.36.jar;C:\Users\RPATINO\.m2\repository\jakarta\annotation\jakarta.annotation-api\1.3.5\jakarta.annotation-api-1.3.5.jar;C:\Users\RPATINO\.m2\repository\org\springframework\spring-core\5.3.18\spring-core-5.3.18.jar;C:\Users\RPATINO\.m2\repository\org\springframework\spring-jcl\5.3.18\spring-jcl-5.3.18.jar;C:\Users\RPATINO\.m2\repository\org\yaml\snakeyaml\1.29\snakeyaml-1.29.jar;C:\Users\RPATINO\.m2\repository\org\springframework\boot\spring-boot-starter-webflux\2.6.6\spring-boot-starter-webflux-2.6.6.jar;C:\Users\RPATINO\.m2\repository\org\springframework\boot\spring-boot-starter-json\2.6.6\spring-boot-starter-json-2.6.6.jar;C:\Users\RPATINO\.m2\repository\com\fasterxml\jackson\core\jackson-databind\2.13.2.2\jackson-databind-2.13.2.2.jar;C:\Users\RPATINO\.m2\repository\com\fasterxml\jackson\core\jackson-annotations\2.13.2\jackson-annotations-2.13.2.jar;C:\Users\RPATINO\.m2\repository\com\fasterxml\jackson\core\jackson-core\2.13.2\jackson-core-2.13.2.jar;C:\Users\RPATINO\.m2\repository\com\fasterxml\jackson\datatype\jackson-datatype-jdk8\2.13.2\jackson-datatype-jdk8-2.13.2.jar;C:\Users\RPATINO\.m2\repository\com\fasterxml\jackson\datatype\jackson-datatype-jsr310\2.13.2\jackson-datatype-jsr310-2.13.2.jar;C:\Users\RPATINO\.m2\repository\com\fasterxml\jackson\module\jackson-module-parameter-names\2.13.2\jackson-module-parameter-names-2.13.2.jar;C:\Users\RPATINO\.m2\repository\org\springframework\boot\spring-boot-starter-reactor-netty\2.6.6\spring-boot-starter-reactor-netty-2.6.6.jar;C:\Users\RPATINO\.m2\repository\io\projectreactor\netty\reactor-netty-http\1.0.17\reactor-netty-http-1.0.17.jar;C:\Users\RPATINO\.m2\repository\io\netty\netty-codec-http\4.1.75.Final\netty-codec-http-4.1.75.Final.jar;C:\Users\RPATINO\.m2\repository\io\netty\netty-common\4.1.75.Final\netty-common-4.1.75.Final.jar;C:\Users\RPATINO\.m2\repository\io\netty\netty-buffer\4.1.75.Final\netty-buffer-4.1.75.Final.jar;C:\Users\RPATINO\.m2\repository\io\netty\netty-transport\4.1.75.Final\netty-transport-4.1.75.Final.jar;C:\Users\RPATINO\.m2\repository\io\netty\netty-codec\4.1.75.Final\netty-codec-4.1.75.Final.jar;C:\Users\RPATINO\.m2\repository\io\netty\netty-handler\4.1.75.Final\netty-handler-4.1.75.Final.jar;C:\Users\RPATINO\.m2\repository\io\netty\netty-codec-http2\4.1.75.Final\netty-codec-http2-4.1.75.Final.jar;C:\Users\RPATINO\.m2\repository\io\netty\netty-resolver-dns\4.1.75.Final\netty-resolver-dns-4.1.75.Final.jar;C:\Users\RPATINO\.m2\repository\io\netty\netty-resolver\4.1.75.Final\netty-resolver-4.1.75.Final.jar;C:\Users\RPATINO\.m2\repository\io\netty\netty-codec-dns\4.1.75.Final\netty-codec-dns-4.1.75.Final.jar;C:\Users\RPATINO\.m2\repository\io\netty\netty-resolver-dns-native-macos\4.1.75.Final\netty-resolver-dns-native-macos-4.1.75.Final-osx-x86_64.jar;C:\Users\RPATINO\.m2\repository\io\netty\netty-resolver-dns-classes-macos\4.1.75.Final\netty-resolver-dns-classes-macos-4.1.75.Final.jar;C:\Users\RPATINO\.m2\repository\io\netty\netty-transport-native-epoll\4.1.75.Final\netty-transport-native-epoll-4.1.75.Final-linux-x86_64.jar;C:\Users\RPATINO\.m2\repository\io\netty\netty-transport-native-unix-common\4.1.75.Final\netty-transport-native-unix-common-4.1.75.Final.jar;C:\Users\RPATINO\.m2\repository\io\netty\netty-transport-classes-epoll\4.1.75.Final\netty-transport-classes-epoll-4.1.75.Final.jar;C:\Users\RPATINO\.m2\repository\io\projectreactor\netty\reactor-netty-core\1.0.17\reactor-netty-core-1.0.17.jar;C:\Users\RPATINO\.m2\repository\io\netty\netty-handler-proxy\4.1.75.Final\netty-handler-proxy-4.1.75.Final.jar;C:\Users\RPATINO\.m2\repository\io\netty\netty-codec-socks\4.1.75.Final\netty-codec-socks-4.1.75.Final.jar;C:\Users\RPATINO\.m2\repository\org\springframework\spring-web\5.3.18\spring-web-5.3.18.jar;C:\Users\RPATINO\.m2\repository\org\springframework\spring-beans\5.3.18\spring-beans-5.3.18.jar;C:\Users\RPATINO\.m2\repository\org\springframework\spring-webflux\5.3.18\spring-webflux-5.3.18.jar;C:\Users\RPATINO\.m2\repository\io\projectreactor\reactor-core\3.4.16\reactor-core-3.4.16.jar;C:\Users\RPATINO\.m2\repository\org\reactivestreams\reactive-streams\1.0.3\reactive-streams-1.0.3.jar;C:\Users\RPATINO\.m2\repository\io\cucumber\cucumber-java\7.0.0\cucumber-java-7.0.0.jar;C:\Users\RPATINO\.m2\repository\io\cucumber\cucumber-core\7.0.0\cucumber-core-7.0.0.jar;C:\Users\RPATINO\.m2\repository\io\cucumber\cucumber-gherkin\7.0.0\cucumber-gherkin-7.0.0.jar;C:\Users\RPATINO\.m2\repository\io\cucumber\cucumber-gherkin-messages\7.0.0\cucumber-gherkin-messages-7.0.0.jar;C:\Users\RPATINO\.m2\repository\io\cucumber\messages\17.1.1\messages-17.1.1.jar;C:\Users\RPATINO\.m2\repository\io\cucumber\tag-expressions\4.0.2\tag-expressions-4.0.2.jar;C:\Users\RPATINO\.m2\repository\io\cucumber\cucumber-expressions\13.0.1\cucumber-expressions-13.0.1.jar;C:\Users\RPATINO\.m2\repository\io\cucumber\datatable\7.0.0\datatable-7.0.0.jar;C:\Users\RPATINO\.m2\repository\io\cucumber\cucumber-plugin\7.0.0\cucumber-plugin-7.0.0.jar;C:\Users\RPATINO\.m2\repository\io\cucumber\docstring\7.0.0\docstring-7.0.0.jar;C:\Users\RPATINO\.m2\repository\io\cucumber\html-formatter\17.0.0\html-formatter-17.0.0.jar;C:\Users\RPATINO\.m2\repository\io\cucumber\create-meta\6.0.1\create-meta-6.0.1.jar;C:\Users\RPATINO\.m2\repository\org\apiguardian\apiguardian-api\1.1.2\apiguardian-api-1.1.2.jar;C:\Users\RPATINO\.m2\repository\io\cucumber\cucumber-junit-platform-engine\7.0.0\cucumber-junit-platform-engine-7.0.0.jar;C:\Users\RPATINO\.m2\repository\org\junit\platform\junit-platform-engine\1.8.1\junit-platform-engine-1.8.1.jar;C:\Users\RPATINO\.m2\repository\org\opentest4j\opentest4j\1.2.0\opentest4j-1.2.0.jar;C:\Users\RPATINO\.m2\repository\org\junit\platform\junit-platform-commons\1.8.1\junit-platform-commons-1.8.1.jar;C:\Users\RPATINO\.m2\repository\org\junit\platform\junit-platform-suite\1.8.1\junit-platform-suite-1.8.1.jar;C:\Users\RPATINO\.m2\repository\org\junit\platform\junit-platform-suite-api\1.8.1\junit-platform-suite-api-1.8.1.jar;C:\Users\RPATINO\.m2\repository\org\junit\platform\junit-platform-suite-engine\1.8.1\junit-platform-suite-engine-1.8.1.jar;C:\Users\RPATINO\.m2\repository\org\junit\platform\junit-platform-suite-commons\1.8.1\junit-platform-suite-commons-1.8.1.jar;C:\Users\RPATINO\.m2\repository\org\junit\platform\junit-platform-launcher\1.8.1\junit-platform-launcher-1.8.1.jar;C:\Users\RPATINO\.m2\repository\io\cucumber\cucumber-spring\7.0.0\cucumber-spring-7.0.0.jar;C:\Users\RPATINO\.m2\repository\org\springframework\boot\spring-boot-starter-test\2.6.6\spring-boot-starter-test-2.6.6.jar;C:\Users\RPATINO\.m2\repository\org\springframework\boot\spring-boot-test\2.6.6\spring-boot-test-2.6.6.jar;C:\Users\RPATINO\.m2\repository\org\springframework\boot\spring-boot-test-autoconfigure\2.6.6\spring-boot-test-autoconfigure-2.6.6.jar;C:\Users\RPATINO\.m2\repository\com\jayway\jsonpath\json-path\2.6.0\json-path-2.6.0.jar;C:\Users\RPATINO\.m2\repository\net\minidev\json-smart\2.4.8\json-smart-2.4.8.jar;C:\Users\RPATINO\.m2\repository\net\minidev\accessors-smart\2.4.8\accessors-smart-2.4.8.jar;C:\Users\RPATINO\.m2\repository\org\ow2\asm\asm\9.1\asm-9.1.jar;C:\Users\RPATINO\.m2\repository\org\slf4j\slf4j-api\1.7.36\slf4j-api-1.7.36.jar;C:\Users\RPATINO\.m2\repository\jakarta\xml\bind\jakarta.xml.bind-api\2.3.3\jakarta.xml.bind-api-2.3.3.jar;C:\Users\RPATINO\.m2\repository\jakarta\activation\jakarta.activation-api\1.2.2\jakarta.activation-api-1.2.2.jar;C:\Users\RPATINO\.m2\repository\org\assertj\assertj-core\3.21.0\assertj-core-3.21.0.jar;C:\Users\RPATINO\.m2\repository\org\hamcrest\hamcrest\2.2\hamcrest-2.2.jar;C:\Users\RPATINO\.m2\repository\org\junit\jupiter\junit-jupiter\5.8.1\junit-jupiter-5.8.1.jar;C:\Users\RPATINO\.m2\repository\org\junit\jupiter\junit-jupiter-api\5.8.1\junit-jupiter-api-5.8.1.jar;C:\Users\RPATINO\.m2\repository\org\junit\jupiter\junit-jupiter-params\5.8.1\junit-jupiter-params-5.8.1.jar;C:\Users\RPATINO\.m2\repository\org\junit\jupiter\junit-jupiter-engine\5.8.1\junit-jupiter-engine-5.8.1.jar;C:\Users\RPATINO\.m2\repository\org\mockito\mockito-core\4.0.0\mockito-core-4.0.0.jar;C:\Users\RPATINO\.m2\repository\net\bytebuddy\byte-buddy\1.11.22\byte-buddy-1.11.22.jar;C:\Users\RPATINO\.m2\repository\net\bytebuddy\byte-buddy-agent\1.11.22\byte-buddy-agent-1.11.22.jar;C:\Users\RPATINO\.m2\repository\org\objenesis\objenesis\3.2\objenesis-3.2.jar;C:\Users\RPATINO\.m2\repository\org\mockito\mockito-junit-jupiter\4.0.0\mockito-junit-jupiter-4.0.0.jar;C:\Users\RPATINO\.m2\repository\org\skyscreamer\jsonassert\1.5.0\jsonassert-1.5.0.jar;C:\Users\RPATINO\.m2\repository\com\vaadin\external\google\android-json\0.0.20131108.vaadin1\android-json-0.0.20131108.vaadin1.jar;C:\Users\RPATINO\.m2\repository\org\springframework\spring-test\5.3.18\spring-test-5.3.18.jar;C:\Users\RPATINO\.m2\repository\org\xmlunit\xmlunit-core\2.8.4\xmlunit-core-2.8.4.jar;"/>
    <property name="java.vm.vendor" value="Oracle Corporation"/>
    <property name="sun.arch.data.model" value="64"/>
    <property name="user.variant" value=""/>
    <property name="java.vendor.url" value="https://java.oracle.com/"/>
    <property name="user.timezone" value="Europe/Madrid"/>
    <property name="user.country.format" value="150"/>
    <property name="os.name" value="Windows 10"/>
    <property name="java.vm.specification.version" value="17"/>
    <property name="sun.java.launcher" value="SUN_STANDARD"/>
    <property name="user.country" value="US"/>
    <property name="sun.boot.library.path" value="C:\Program Files\Java\jdk-17.0.1\bin"/>
    <property name="sun.java.command" value="C:\Users\RPATINO\AppData\Local\Temp\surefire655253829054725946\surefirebooter7685192086795816023.jar C:\Users\RPATINO\AppData\Local\Temp\surefire655253829054725946 2022-04-20T13-57-52_836-jvmRun1 surefire1130227266342923786tmp surefire_03141606974724670148tmp"/>
    <property name="jdk.debug" value="release"/>
    <property name="surefire.test.class.path" value="C:\repository\calculator-tester\target\test-classes;C:\repository\calculator-tester\target\classes;C:\Users\RPATINO\.m2\repository\org\springframework\boot\spring-boot-starter\2.6.6\spring-boot-starter-2.6.6.jar;C:\Users\RPATINO\.m2\repository\org\springframework\boot\spring-boot\2.6.6\spring-boot-2.6.6.jar;C:\Users\RPATINO\.m2\repository\org\springframework\spring-context\5.3.18\spring-context-5.3.18.jar;C:\Users\RPATINO\.m2\repository\org\springframework\spring-aop\5.3.18\spring-aop-5.3.18.jar;C:\Users\RPATINO\.m2\repository\org\springframework\spring-expression\5.3.18\spring-expression-5.3.18.jar;C:\Users\RPATINO\.m2\repository\org\springframework\boot\spring-boot-autoconfigure\2.6.6\spring-boot-autoconfigure-2.6.6.jar;C:\Users\RPATINO\.m2\repository\org\springframework\boot\spring-boot-starter-logging\2.6.6\spring-boot-starter-logging-2.6.6.jar;C:\Users\RPATINO\.m2\repository\ch\qos\logback\logback-classic\1.2.11\logback-classic-1.2.11.jar;C:\Users\RPATINO\.m2\repository\ch\qos\logback\logback-core\1.2.11\logback-core-1.2.11.jar;C:\Users\RPATINO\.m2\repository\org\apache\logging\log4j\log4j-to-slf4j\2.17.2\log4j-to-slf4j-2.17.2.jar;C:\Users\RPATINO\.m2\repository\org\apache\logging\log4j\log4j-api\2.17.2\log4j-api-2.17.2.jar;C:\Users\RPATINO\.m2\repository\org\slf4j\jul-to-slf4j\1.7.36\jul-to-slf4j-1.7.36.jar;C:\Users\RPATINO\.m2\repository\jakarta\annotation\jakarta.annotation-api\1.3.5\jakarta.annotation-api-1.3.5.jar;C:\Users\RPATINO\.m2\repository\org\springframework\spring-core\5.3.18\spring-core-5.3.18.jar;C:\Users\RPATINO\.m2\repository\org\springframework\spring-jcl\5.3.18\spring-jcl-5.3.18.jar;C:\Users\RPATINO\.m2\repository\org\yaml\snakeyaml\1.29\snakeyaml-1.29.jar;C:\Users\RPATINO\.m2\repository\org\springframework\boot\spring-boot-starter-webflux\2.6.6\spring-boot-starter-webflux-2.6.6.jar;C:\Users\RPATINO\.m2\repository\org\springframework\boot\spring-boot-starter-json\2.6.6\spring-boot-starter-json-2.6.6.jar;C:\Users\RPATINO\.m2\repository\com\fasterxml\jackson\core\jackson-databind\2.13.2.2\jackson-databind-2.13.2.2.jar;C:\Users\RPATINO\.m2\repository\com\fasterxml\jackson\core\jackson-annotations\2.13.2\jackson-annotations-2.13.2.jar;C:\Users\RPATINO\.m2\repository\com\fasterxml\jackson\core\jackson-core\2.13.2\jackson-core-2.13.2.jar;C:\Users\RPATINO\.m2\repository\com\fasterxml\jackson\datatype\jackson-datatype-jdk8\2.13.2\jackson-datatype-jdk8-2.13.2.jar;C:\Users\RPATINO\.m2\repository\com\fasterxml\jackson\datatype\jackson-datatype-jsr310\2.13.2\jackson-datatype-jsr310-2.13.2.jar;C:\Users\RPATINO\.m2\repository\com\fasterxml\jackson\module\jackson-module-parameter-names\2.13.2\jackson-module-parameter-names-2.13.2.jar;C:\Users\RPATINO\.m2\repository\org\springframework\boot\spring-boot-starter-reactor-netty\2.6.6\spring-boot-starter-reactor-netty-2.6.6.jar;C:\Users\RPATINO\.m2\repository\io\projectreactor\netty\reactor-netty-http\1.0.17\reactor-netty-http-1.0.17.jar;C:\Users\RPATINO\.m2\repository\io\netty\netty-codec-http\4.1.75.Final\netty-codec-http-4.1.75.Final.jar;C:\Users\RPATINO\.m2\repository\io\netty\netty-common\4.1.75.Final\netty-common-4.1.75.Final.jar;C:\Users\RPATINO\.m2\repository\io\netty\netty-buffer\4.1.75.Final\netty-buffer-4.1.75.Final.jar;C:\Users\RPATINO\.m2\repository\io\netty\netty-transport\4.1.75.Final\netty-transport-4.1.75.Final.jar;C:\Users\RPATINO\.m2\repository\io\netty\netty-codec\4.1.75.Final\netty-codec-4.1.75.Final.jar;C:\Users\RPATINO\.m2\repository\io\netty\netty-handler\4.1.75.Final\netty-handler-4.1.75.Final.jar;C:\Users\RPATINO\.m2\repository\io\netty\netty-codec-http2\4.1.75.Final\netty-codec-http2-4.1.75.Final.jar;C:\Users\RPATINO\.m2\repository\io\netty\netty-resolver-dns\4.1.75.Final\netty-resolver-dns-4.1.75.Final.jar;C:\Users\RPATINO\.m2\repository\io\netty\netty-resolver\4.1.75.Final\netty-resolver-4.1.75.Final.jar;C:\Users\RPATINO\.m2\repository\io\netty\netty-codec-dns\4.1.75.Final\netty-codec-dns-4.1.75.Final.jar;C:\Users\RPATINO\.m2\repository\io\netty\netty-resolver-dns-native-macos\4.1.75.Final\netty-resolver-dns-native-macos-4.1.75.Final-osx-x86_64.jar;C:\Users\RPATINO\.m2\repository\io\netty\netty-resolver-dns-classes-macos\4.1.75.Final\netty-resolver-dns-classes-macos-4.1.75.Final.jar;C:\Users\RPATINO\.m2\repository\io\netty\netty-transport-native-epoll\4.1.75.Final\netty-transport-native-epoll-4.1.75.Final-linux-x86_64.jar;C:\Users\RPATINO\.m2\repository\io\netty\netty-transport-native-unix-common\4.1.75.Final\netty-transport-native-unix-common-4.1.75.Final.jar;C:\Users\RPATINO\.m2\repository\io\netty\netty-transport-classes-epoll\4.1.75.Final\netty-transport-classes-epoll-4.1.75.Final.jar;C:\Users\RPATINO\.m2\repository\io\projectreactor\netty\reactor-netty-core\1.0.17\reactor-netty-core-1.0.17.jar;C:\Users\RPATINO\.m2\repository\io\netty\netty-handler-proxy\4.1.75.Final\netty-handler-proxy-4.1.75.Final.jar;C:\Users\RPATINO\.m2\repository\io\netty\netty-codec-socks\4.1.75.Final\netty-codec-socks-4.1.75.Final.jar;C:\Users\RPATINO\.m2\repository\org\springframework\spring-web\5.3.18\spring-web-5.3.18.jar;C:\Users\RPATINO\.m2\repository\org\springframework\spring-beans\5.3.18\spring-beans-5.3.18.jar;C:\Users\RPATINO\.m2\repository\org\springframework\spring-webflux\5.3.18\spring-webflux-5.3.18.jar;C:\Users\RPATINO\.m2\repository\io\projectreactor\reactor-core\3.4.16\reactor-core-3.4.16.jar;C:\Users\RPATINO\.m2\repository\org\reactivestreams\reactive-streams\1.0.3\reactive-streams-1.0.3.jar;C:\Users\RPATINO\.m2\repository\io\cucumber\cucumber-java\7.0.0\cucumber-java-7.0.0.jar;C:\Users\RPATINO\.m2\repository\io\cucumber\cucumber-core\7.0.0\cucumber-core-7.0.0.jar;C:\Users\RPATINO\.m2\repository\io\cucumber\cucumber-gherkin\7.0.0\cucumber-gherkin-7.0.0.jar;C:\Users\RPATINO\.m2\repository\io\cucumber\cucumber-gherkin-messages\7.0.0\cucumber-gherkin-messages-7.0.0.jar;C:\Users\RPATINO\.m2\repository\io\cucumber\messages\17.1.1\messages-17.1.1.jar;C:\Users\RPATINO\.m2\repository\io\cucumber\tag-expressions\4.0.2\tag-expressions-4.0.2.jar;C:\Users\RPATINO\.m2\repository\io\cucumber\cucumber-expressions\13.0.1\cucumber-expressions-13.0.1.jar;C:\Users\RPATINO\.m2\repository\io\cucumber\datatable\7.0.0\datatable-7.0.0.jar;C:\Users\RPATINO\.m2\repository\io\cucumber\cucumber-plugin\7.0.0\cucumber-plugin-7.0.0.jar;C:\Users\RPATINO\.m2\repository\io\cucumber\docstring\7.0.0\docstring-7.0.0.jar;C:\Users\RPATINO\.m2\repository\io\cucumber\html-formatter\17.0.0\html-formatter-17.0.0.jar;C:\Users\RPATINO\.m2\repository\io\cucumber\create-meta\6.0.1\create-meta-6.0.1.jar;C:\Users\RPATINO\.m2\repository\org\apiguardian\apiguardian-api\1.1.2\apiguardian-api-1.1.2.jar;C:\Users\RPATINO\.m2\repository\io\cucumber\cucumber-junit-platform-engine\7.0.0\cucumber-junit-platform-engine-7.0.0.jar;C:\Users\RPATINO\.m2\repository\org\junit\platform\junit-platform-engine\1.8.1\junit-platform-engine-1.8.1.jar;C:\Users\RPATINO\.m2\repository\org\opentest4j\opentest4j\1.2.0\opentest4j-1.2.0.jar;C:\Users\RPATINO\.m2\repository\org\junit\platform\junit-platform-commons\1.8.1\junit-platform-commons-1.8.1.jar;C:\Users\RPATINO\.m2\repository\org\junit\platform\junit-platform-suite\1.8.1\junit-platform-suite-1.8.1.jar;C:\Users\RPATINO\.m2\repository\org\junit\platform\junit-platform-suite-api\1.8.1\junit-platform-suite-api-1.8.1.jar;C:\Users\RPATINO\.m2\repository\org\junit\platform\junit-platform-suite-engine\1.8.1\junit-platform-suite-engine-1.8.1.jar;C:\Users\RPATINO\.m2\repository\org\junit\platform\junit-platform-suite-commons\1.8.1\junit-platform-suite-commons-1.8.1.jar;C:\Users\RPATINO\.m2\repository\org\junit\platform\junit-platform-launcher\1.8.1\junit-platform-launcher-1.8.1.jar;C:\Users\RPATINO\.m2\repository\io\cucumber\cucumber-spring\7.0.0\cucumber-spring-7.0.0.jar;C:\Users\RPATINO\.m2\repository\org\springframework\boot\spring-boot-starter-test\2.6.6\spring-boot-starter-test-2.6.6.jar;C:\Users\RPATINO\.m2\repository\org\springframework\boot\spring-boot-test\2.6.6\spring-boot-test-2.6.6.jar;C:\Users\RPATINO\.m2\repository\org\springframework\boot\spring-boot-test-autoconfigure\2.6.6\spring-boot-test-autoconfigure-2.6.6.jar;C:\Users\RPATINO\.m2\repository\com\jayway\jsonpath\json-path\2.6.0\json-path-2.6.0.jar;C:\Users\RPATINO\.m2\repository\net\minidev\json-smart\2.4.8\json-smart-2.4.8.jar;C:\Users\RPATINO\.m2\repository\net\minidev\accessors-smart\2.4.8\accessors-smart-2.4.8.jar;C:\Users\RPATINO\.m2\repository\org\ow2\asm\asm\9.1\asm-9.1.jar;C:\Users\RPATINO\.m2\repository\org\slf4j\slf4j-api\1.7.36\slf4j-api-1.7.36.jar;C:\Users\RPATINO\.m2\repository\jakarta\xml\bind\jakarta.xml.bind-api\2.3.3\jakarta.xml.bind-api-2.3.3.jar;C:\Users\RPATINO\.m2\repository\jakarta\activation\jakarta.activation-api\1.2.2\jakarta.activation-api-1.2.2.jar;C:\Users\RPATINO\.m2\repository\org\assertj\assertj-core\3.21.0\assertj-core-3.21.0.jar;C:\Users\RPATINO\.m2\repository\org\hamcrest\hamcrest\2.2\hamcrest-2.2.jar;C:\Users\RPATINO\.m2\repository\org\junit\jupiter\junit-jupiter\5.8.1\junit-jupiter-5.8.1.jar;C:\Users\RPATINO\.m2\repository\org\junit\jupiter\junit-jupiter-api\5.8.1\junit-jupiter-api-5.8.1.jar;C:\Users\RPATINO\.m2\repository\org\junit\jupiter\junit-jupiter-params\5.8.1\junit-jupiter-params-5.8.1.jar;C:\Users\RPATINO\.m2\repository\org\junit\jupiter\junit-jupiter-engine\5.8.1\junit-jupiter-engine-5.8.1.jar;C:\Users\RPATINO\.m2\repository\org\mockito\mockito-core\4.0.0\mockito-core-4.0.0.jar;C:\Users\RPATINO\.m2\repository\net\bytebuddy\byte-buddy\1.11.22\byte-buddy-1.11.22.jar;C:\Users\RPATINO\.m2\repository\net\bytebuddy\byte-buddy-agent\1.11.22\byte-buddy-agent-1.11.22.jar;C:\Users\RPATINO\.m2\repository\org\objenesis\objenesis\3.2\objenesis-3.2.jar;C:\Users\RPATINO\.m2\repository\org\mockito\mockito-junit-jupiter\4.0.0\mockito-junit-jupiter-4.0.0.jar;C:\Users\RPATINO\.m2\repository\org\skyscreamer\jsonassert\1.5.0\jsonassert-1.5.0.jar;C:\Users\RPATINO\.m2\repository\com\vaadin\external\google\android-json\0.0.20131108.vaadin1\android-json-0.0.20131108.vaadin1.jar;C:\Users\RPATINO\.m2\repository\org\springframework\spring-test\5.3.18\spring-test-5.3.18.jar;C:\Users\RPATINO\.m2\repository\org\xmlunit\xmlunit-core\2.8.4\xmlunit-core-2.8.4.jar;"/>
    <property name="sun.cpu.endian" value="little"/>
    <property name="user.home" value="C:\Users\RPATINO"/>
    <property name="user.language" value="en"/>
    <property name="java.specification.vendor" value="Oracle Corporation"/>
    <property name="java.version.date" value="2021-10-19"/>
    <property name="java.home" value="C:\Program Files\Java\jdk-17.0.1"/>
    <property name="file.separator" value="\"/>
    <property name="basedir" value="C:\repository\calculator-tester"/>
    <property name="java.vm.compressedOopsMode" value="Zero based"/>
    <property name="line.separator" value="&#10;"/>
    <property name="java.vm.specification.vendor" value="Oracle Corporation"/>
    <property name="java.specification.name" value="Java Platform API Specification"/>
    <property name="FILE_LOG_CHARSET" value="UTF-8"/>
    <property name="java.awt.headless" value="true"/>
    <property name="surefire.real.class.path" value="C:\Users\RPATINO\AppData\Local\Temp\surefire655253829054725946\surefirebooter7685192086795816023.jar"/>
    <property name="user.script" value=""/>
    <property name="sun.management.compiler" value="HotSpot 64-Bit Tiered Compilers"/>
    <property name="java.runtime.version" value="17.0.1+12-LTS-39"/>
    <property name="user.name" value="RPATINO"/>
    <property name="path.separator" value=";"/>
    <property name="os.version" value="10.0"/>
    <property name="java.runtime.name" value="Java(TM) SE Runtime Environment"/>
    <property name="file.encoding" value="UTF-8"/>
    <property name="spring.beaninfo.ignore" value="true"/>
    <property name="java.vm.name" value="Java HotSpot(TM) 64-Bit Server VM"/>
    <property name="localRepository" value="C:\Users\RPATINO\.m2\repository"/>
    <property name="java.vendor.url.bug" value="https://bugreport.java.com/bugreport/"/>
    <property name="java.io.tmpdir" value="C:\Users\RPATINO\AppData\Local\Temp\"/>
    <property name="idea.version" value="2021.3.3"/>
    <property name="java.version" value="17.0.1"/>
    <property name="user.dir" value="C:\repository\calculator-tester"/>
    <property name="os.arch" value="amd64"/>
    <property name="java.vm.specification.name" value="Java Virtual Machine Specification"/>
    <property name="PID" value="13976"/>
    <property name="sun.os.patch.level" value=""/>
    <property name="CONSOLE_LOG_CHARSET" value="UTF-8"/>
    <property name="native.encoding" value="UTF-8"/>
    <property name="java.library.path" value="C:\Program Files\Java\jdk-17.0.1\bin;C:\WINDOWS\Sun\Java\bin;C:\WINDOWS\system32;C:\WINDOWS;C:\Program Files\Common Files\Oracle\Java\javapath;C:\WINDOWS\system32;C:\WINDOWS;C:\WINDOWS\System32\Wbem;C:\WINDOWS\System32\WindowsPowerShell\v1.0\;C:\WINDOWS\System32\OpenSSH\;C:\Program Files\Intel\WiFi\bin\;C:\Program Files\Common Files\Intel\WirelessCommon\;C:\Program Files\Java\jdk-15.0.2\bin;C:\apache-maven-3.6.3\bin;C:\Program Files\Amazon\AWSCLIV2\;C:\Users\RPATINO\Documents\dev\apache-maven-3.6.3\bin;C:\terraform\;;C:\Program Files\nodejs\;C:\Program Files\Docker\Docker\resources\bin;C:\ProgramData\DockerDesktop\version-bin;C:\Users\RPATINO\AppData\Local\Microsoft\WindowsApps;C:\Program Files (x86)\Sophos\Sophos SSL VPN Client\bin;C:\Users\RPATINO\AppData\Local\GitHubDesktop\bin;C:\Users\RPATINO\AppData\Local\Programs\Microsoft VS Code\bin;C:\Users\RPATINO\AppData\Roaming\npm;."/>
    <property name="java.vm.info" value="mixed mode, sharing"/>
    <property name="java.vendor" value="Oracle Corporation"/>
    <property name="java.vm.version" value="17.0.1+12-LTS-39"/>
    <property name="sun.io.unicode.encoding" value="UnicodeLittle"/>
    <property name="java.class.version" value="61.0"/>
  </properties>
  <testcase name="Testing simple operation is easy!" classname="Validate simple operations" time="3.52">
    <system-out><![CDATA[13:57:54.815 [main] DEBUG org.springframework.test.context.BootstrapUtils - Instantiating CacheAwareContextLoaderDelegate from class [org.springframework.test.context.cache.DefaultCacheAwareContextLoaderDelegate]
13:57:54.829 [main] DEBUG org.springframework.test.context.BootstrapUtils - Instantiating BootstrapContext using constructor [public org.springframework.test.context.support.DefaultBootstrapContext(java.lang.Class,org.springframework.test.context.CacheAwareContextLoaderDelegate)]
13:57:54.867 [main] DEBUG org.springframework.test.context.BootstrapUtils - Instantiating TestContextBootstrapper for test class [com.example.steps.MathResolverSteps] from class [org.springframework.boot.test.context.SpringBootTestContextBootstrapper]
13:57:54.878 [main] INFO org.springframework.boot.test.context.SpringBootTestContextBootstrapper - Neither @ContextConfiguration nor @ContextHierarchy found for test class [com.example.steps.MathResolverSteps], using SpringBootContextLoader
13:57:54.882 [main] DEBUG org.springframework.test.context.support.AbstractContextLoader - Did not detect default resource location for test class [com.example.steps.MathResolverSteps]: class path resource [com/example/steps/MathResolverSteps-context.xml] does not exist
13:57:54.882 [main] DEBUG org.springframework.test.context.support.AbstractContextLoader - Did not detect default resource location for test class [com.example.steps.MathResolverSteps]: class path resource [com/example/steps/MathResolverStepsContext.groovy] does not exist
13:57:54.883 [main] INFO org.springframework.test.context.support.AbstractContextLoader - Could not detect default resource locations for test class [com.example.steps.MathResolverSteps]: no resource found for suffixes {-context.xml, Context.groovy}.
13:57:54.883 [main] INFO org.springframework.test.context.support.AnnotationConfigContextLoaderUtils - Could not detect default configuration classes for test class [com.example.steps.MathResolverSteps]: MathResolverSteps does not declare any static, non-private, non-final, nested classes annotated with @Configuration.
13:57:54.949 [main] DEBUG org.springframework.test.context.support.ActiveProfilesUtils - Could not find an 'annotation declaring class' for annotation type [org.springframework.test.context.ActiveProfiles] and class [com.example.steps.MathResolverSteps]
13:57:55.021 [main] DEBUG org.springframework.context.annotation.ClassPathScanningCandidateComponentProvider - Identified candidate component class: file [C:\repository\calculator-tester\target\test-classes\com\example\BehaviorTesterApp.class]
13:57:55.024 [main] INFO org.springframework.boot.test.context.SpringBootTestContextBootstrapper - Found @SpringBootConfiguration com.example.BehaviorTesterApp for test class com.example.steps.MathResolverSteps
13:57:55.134 [main] DEBUG org.springframework.boot.test.context.SpringBootTestContextBootstrapper - @TestExecutionListeners is not present for class [com.example.steps.MathResolverSteps]: using defaults.
13:57:55.134 [main] INFO org.springframework.boot.test.context.SpringBootTestContextBootstrapper - Loaded default TestExecutionListener class names from location [META-INF/spring.factories]: [org.springframework.boot.test.mock.mockito.MockitoTestExecutionListener, org.springframework.boot.test.mock.mockito.ResetMocksTestExecutionListener, org.springframework.boot.test.autoconfigure.restdocs.RestDocsTestExecutionListener, org.springframework.boot.test.autoconfigure.web.client.MockRestServiceServerResetTestExecutionListener, org.springframework.boot.test.autoconfigure.web.servlet.MockMvcPrintOnlyOnFailureTestExecutionListener, org.springframework.boot.test.autoconfigure.web.servlet.WebDriverTestExecutionListener, org.springframework.boot.test.autoconfigure.webservices.client.MockWebServiceServerTestExecutionListener, org.springframework.test.context.web.ServletTestExecutionListener, org.springframework.test.context.support.DirtiesContextBeforeModesTestExecutionListener, org.springframework.test.context.event.ApplicationEventsTestExecutionListener, org.springframework.test.context.support.DependencyInjectionTestExecutionListener, org.springframework.test.context.support.DirtiesContextTestExecutionListener, org.springframework.test.context.transaction.TransactionalTestExecutionListener, org.springframework.test.context.jdbc.SqlScriptsTestExecutionListener, org.springframework.test.context.event.EventPublishingTestExecutionListener]
13:57:55.143 [main] DEBUG org.springframework.boot.test.context.SpringBootTestContextBootstrapper - Skipping candidate TestExecutionListener [org.springframework.test.context.web.ServletTestExecutionListener] due to a missing dependency. Specify custom listener classes or make the default listener classes and their required dependencies available. Offending class: [javax/servlet/ServletContext]
13:57:55.144 [main] DEBUG org.springframework.boot.test.context.SpringBootTestContextBootstrapper - Skipping candidate TestExecutionListener [org.springframework.test.context.transaction.TransactionalTestExecutionListener] due to a missing dependency. Specify custom listener classes or make the default listener classes and their required dependencies available. Offending class: [org/springframework/transaction/interceptor/TransactionAttributeSource]
13:57:55.145 [main] DEBUG org.springframework.boot.test.context.SpringBootTestContextBootstrapper - Skipping candidate TestExecutionListener [org.springframework.test.context.jdbc.SqlScriptsTestExecutionListener] due to a missing dependency. Specify custom listener classes or make the default listener classes and their required dependencies available. Offending class: [org/springframework/transaction/interceptor/TransactionAttribute]
13:57:55.145 [main] INFO org.springframework.boot.test.context.SpringBootTestContextBootstrapper - Using TestExecutionListeners: [org.springframework.test.context.support.DirtiesContextBeforeModesTestExecutionListener@1849db1a, org.springframework.test.context.event.ApplicationEventsTestExecutionListener@69c79f09, org.springframework.boot.test.mock.mockito.MockitoTestExecutionListener@1ca25c47, org.springframework.boot.test.autoconfigure.SpringBootDependencyInjectionTestExecutionListener@5fcacc0, org.springframework.test.context.support.DirtiesContextTestExecutionListener@533b266e, org.springframework.test.context.event.EventPublishingTestExecutionListener@6d1d4d7, org.springframework.boot.test.mock.mockito.ResetMocksTestExecutionListener@89ff02e, org.springframework.boot.test.autoconfigure.restdocs.RestDocsTestExecutionListener@6865c751, org.springframework.boot.test.autoconfigure.web.client.MockRestServiceServerResetTestExecutionListener@62679465, org.springframework.boot.test.autoconfigure.web.servlet.MockMvcPrintOnlyOnFailureTestExecutionListener@6a988392, org.springframework.boot.test.autoconfigure.web.servlet.WebDriverTestExecutionListener@1d71006f, org.springframework.boot.test.autoconfigure.webservices.client.MockWebServiceServerTestExecutionListener@5b6813df]

  .   ____          _            __ _ _
 /\\ / ___'_ __ _ _(_)_ __  __ _ \ \ \ \
( ( )\___ | '_ | '_| | '_ \/ _` | \ \ \ \
 \\/  ___)| |_)| | | | | || (_| |  ) ) ) )
  '  |____| .__|_| |_|_| |_\__, | / / / /
 =========|_|==============|___/=/_/_/_/
 :: Spring Boot ::                (v2.6.6)

2022-04-20 13:57:55.458  INFO 13976 --- [           main] com.example.steps.MathResolverSteps      : Starting MathResolverSteps using Java 17.0.1 on osp3651 with PID 13976 (started by RPATINO in C:\repository\calculator-tester)
2022-04-20 13:57:55.460  INFO 13976 --- [           main] com.example.steps.MathResolverSteps      : No active profile set, falling back to 1 default profile: "default"
2022-04-20 13:57:57.109  INFO 13976 --- [           main] com.example.steps.MathResolverSteps      : Started MathResolverSteps in 1.93 seconds (JVM running for 3.53)

Scenario: Testing simple operation is easy! &amp#27;[90m# features/simple_operations.feature:3&amp#27;[0m
  &amp#27;[32mGiven &amp#27;[0m&amp#27;[32mthe math operation &amp#27;[0m&amp#27;[32m&amp#27;[1m"1+1"&amp#27;[0m            &amp#27;[90m# com.example.steps.MathResolverSteps.prepareMathOperation(java.lang.String)&amp#27;[0m
  &amp#27;[32mWhen &amp#27;[0m&amp#27;[32mresolving the operation&amp#27;[0m              &amp#27;[90m# com.example.steps.MathResolverSteps.resolveUsingServiceCall()&amp#27;[0m
  &amp#27;[32mThen &amp#27;[0m&amp#27;[32mthe result must be &amp#27;[0m&amp#27;[32m&amp#27;[1m"2.0"&amp#27;[0m             &amp#27;[90m# com.example.steps.MathResolverSteps.the_result_must_be(java.lang.String)&amp#27;[0m
]]></system-out>
  </testcase>
</testsuite>